<?xml version="1.0" encoding="UTF-8"?>
<testsuite name="TestSuite" time="44.118" tests="6" errors="0" skipped="0" failures="0">
  <properties>
[...]
</properties>
  <testcase name="loginWithCorrectCredentials" classname="main.java.testcases.OpenLoginPageTest" time="24.283"/>
  <testcase name="loginWithInCorrectCredentials" classname="main.java.testcases.OpenLoginPageTest" time="7.759"/>
  <testcase name="testRegistration" classname="main.java.testcases.SampleTest" time="12.069"/>
  <testcase name="testSomeAssert" classname="main.java.testcases.SampleTest" time="0.001"/>
  <testcase name="testLogin" classname="main.java.testcases.SampleTest" time="0.004"/>
  <testcase name="testChangePassword" classname="main.java.testcases.SampleTest" time="0.002"/>
</testsuite>