<?xml version="1.0" encoding="UTF-8"?>
<!-- Generated by org.testng.reporters.JUnitXMLReporter -->
<testsuite hostname="alipiya-pc" name="lucianna.tests" tests="6" failures="0" timestamp="18 May 2015 11:31:59 GMT" time="64.325" errors="0">
  <testcase name="loginWithCorrectCredentials" time="24.279" classname="main.java.testcases.OpenLoginPageTest"/>
  <testcase name="loginWithInCorrectCredentials" time="7.776" classname="main.java.testcases.OpenLoginPageTest"/>
  <testcase name="testRegistration" time="12.094" classname="main.java.testcases.SampleTest"/>
  <testcase name="testSomeAssert" time="0.0" classname="main.java.testcases.SampleTest"/>
  <testcase name="testLogin" time="0.001" classname="main.java.testcases.SampleTest"/>
  <testcase name="testChangePassword" time="0.001" classname="main.java.testcases.SampleTest"/>
</testsuite> <!-- lucianna.tests -->
